/*C12*/SET SCHEMA PUBLIC
INSERT INTO COMPANY VALUES(1051,'Abc kft.')
INSERT INTO EMPLOYEE VALUES(1901,'Assistant sales representative','B\u00e1rmi \u00c1ron',380000,'2026-01-01 08:00:00.000000',NULL,'ABCD1234')
INSERT INTO COMPANY VALUES(1101,'Cow company')
INSERT INTO EMPLOYEE VALUES(1951,'HR advisor','Cserepes Vir\u00e1g',450000,'2025-05-01 08:00:00.000000',1101,'AAA111')
INSERT INTO COMPANY VALUES(1151,'Sheep company')
INSERT INTO EMPLOYEE VALUES(2001,'Senior product manager','Nemoda Buda',850000,'2021-10-15 08:00:00.000000',1151,'BBB222')
DELETE FROM EMPLOYEE WHERE ID=1901
INSERT INTO EMPLOYEE VALUES(1901,'Assistant sales representative','B\u00e1rmi \u00c1ron',380000,'2026-01-01 08:00:00.000000',1101,'ABCD1234')
ALTER SEQUENCE PUBLIC.COMPANY_SEQ RESTART WITH 1201
ALTER SEQUENCE PUBLIC.EMPLOYEE_SEQ RESTART WITH 2051
COMMIT
DISCONNECT
/*C13*/SET SCHEMA PUBLIC
DISCONNECT
/*C14*/SET SCHEMA PUBLIC
DISCONNECT
/*C15*/SET SCHEMA PUBLIC
DISCONNECT
/*C16*/SET SCHEMA PUBLIC
DISCONNECT
/*C17*/SET SCHEMA PUBLIC
DISCONNECT
/*C18*/SET SCHEMA PUBLIC
DISCONNECT
/*C19*/SET SCHEMA PUBLIC
DISCONNECT
/*C20*/SET SCHEMA PUBLIC
DISCONNECT
/*C21*/SET SCHEMA PUBLIC
DISCONNECT
